Crashlog created at 2022-04-17 21:35:04 +0700

===== MESSAGE:

TypeError: no implicit conversion of nil into String

===== STACK TRACE:

  0. /home/nawwabz/Documents/nzia_blog/Rules:7:in `parse'
  1. /home/nawwabz/Documents/nzia_blog/Rules:7:in `block (2 levels) in parse'
  2. /home/nawwabz/.rvm/gems/ruby-3.0.0@my_blog/gems/nanoc-core-4.12.5/lib/nanoc/core/identifiable_collection_view.rb:37:in `block in each'
  3. /home/nawwabz/.rvm/gems/ruby-3.0.0@my_blog/gems/hamster-3.0.0/lib/hamster/vector.rb:1316:in `each'
  4. /home/nawwabz/.rvm/gems/ruby-3.0.0@my_blog/gems/hamster-3.0.0/lib/hamster/vector.rb:1316:in `traverse_depth_first'
  5. /home/nawwabz/.rvm/gems/ruby-3.0.0@my_blog/gems/hamster-3.0.0/lib/hamster/vector.rb:431:in `each'
  6. /home/nawwabz/.rvm/rubies/ruby-3.0.0/lib/ruby/3.0.0/forwardable.rb:238:in `each'
  7. /home/nawwabz/.rvm/gems/ruby-3.0.0@my_blog/gems/nanoc-core-4.12.5/lib/nanoc/core/identifiable_collection_view.rb:37:in `each'
  8. /home/nawwabz/Documents/nzia_blog/Rules:4:in `block in parse'
  9. /home/nawwabz/.rvm/gems/ruby-3.0.0@my_blog/gems/nanoc-4.12.5/lib/nanoc/rule_dsl/action_provider.rb:49:in `instance_eval'
  10. /home/nawwabz/.rvm/gems/ruby-3.0.0@my_blog/gems/nanoc-4.12.5/lib/nanoc/rule_dsl/action_provider.rb:49:in `block in preprocess'
  11. /home/nawwabz/.rvm/gems/ruby-3.0.0@my_blog/gems/nanoc-4.12.5/lib/nanoc/rule_dsl/action_provider.rb:48:in `each_value'
  12. /home/nawwabz/.rvm/gems/ruby-3.0.0@my_blog/gems/nanoc-4.12.5/lib/nanoc/rule_dsl/action_provider.rb:48:in `preprocess'
  13. /home/nawwabz/.rvm/gems/ruby-3.0.0@my_blog/gems/nanoc-core-4.12.5/lib/nanoc/core/compilation_stages/preprocess.rb:19:in `run'
  14. /home/nawwabz/.rvm/gems/ruby-3.0.0@my_blog/gems/nanoc-core-4.12.5/lib/nanoc/core/compilation_stage.rb:9:in `block in call'
  15. /home/nawwabz/.rvm/gems/ruby-3.0.0@my_blog/gems/nanoc-core-4.12.5/lib/nanoc/core/instrumentor.rb:10:in `call'
  16. /home/nawwabz/.rvm/gems/ruby-3.0.0@my_blog/gems/nanoc-core-4.12.5/lib/nanoc/core/compilation_stage.rb:8:in `call'
  17. /home/nawwabz/.rvm/gems/ruby-3.0.0@my_blog/gems/nanoc-core-4.12.5/lib/nanoc/core/compiler.rb:36:in `run_until_preprocessed'
  18. /home/nawwabz/.rvm/gems/ruby-3.0.0@my_blog/gems/nanoc-core-4.12.5/lib/nanoc/core/compiler.rb:43:in `run_until_reps_built'
  19. /home/nawwabz/.rvm/gems/ruby-3.0.0@my_blog/gems/nanoc-cli-4.12.5/lib/nanoc/cli/compile_listeners/aggregate.rb:33:in `setup_listeners'
  20. /home/nawwabz/.rvm/gems/ruby-3.0.0@my_blog/gems/nanoc-cli-4.12.5/lib/nanoc/cli/compile_listeners/aggregate.rb:14:in `start'
  21. /home/nawwabz/.rvm/gems/ruby-3.0.0@my_blog/gems/nanoc-cli-4.12.5/lib/nanoc/cli/compile_listeners/abstract.rb:23:in `wrapped_start'
  22. /home/nawwabz/.rvm/gems/ruby-3.0.0@my_blog/gems/nanoc-cli-4.12.5/lib/nanoc/cli/compile_listeners/abstract.rb:37:in `run_while'
  23. /home/nawwabz/.rvm/gems/ruby-3.0.0@my_blog/gems/nanoc-cli-4.12.5/lib/nanoc/cli/commands/compile.rb:44:in `run_once'
  24. /home/nawwabz/.rvm/gems/ruby-3.0.0@my_blog/gems/nanoc-cli-4.12.5/lib/nanoc/cli/commands/compile.rb:23:in `run'
  25. /home/nawwabz/.rvm/gems/ruby-3.0.0@my_blog/gems/nanoc-cli-4.12.5/lib/nanoc/cli/command_runner.rb:15:in `block in call'
  26. /home/nawwabz/.rvm/gems/ruby-3.0.0@my_blog/gems/nanoc-cli-4.12.5/lib/nanoc/cli/error_handler.rb:15:in `block in handle_while'
  27. /home/nawwabz/.rvm/gems/ruby-3.0.0@my_blog/gems/nanoc-cli-4.12.5/lib/nanoc/cli/error_handler.rb:57:in `handle_while'
  28. /home/nawwabz/.rvm/gems/ruby-3.0.0@my_blog/gems/nanoc-cli-4.12.5/lib/nanoc/cli/error_handler.rb:15:in `handle_while'
  29. /home/nawwabz/.rvm/gems/ruby-3.0.0@my_blog/gems/nanoc-cli-4.12.5/lib/nanoc/cli/command_runner.rb:14:in `call'
  30. /home/nawwabz/.rvm/gems/ruby-3.0.0@my_blog/gems/cri-2.15.11/lib/cri/command_dsl.rb:294:in `block in runner'
  31. /home/nawwabz/.rvm/gems/ruby-3.0.0@my_blog/gems/cri-2.15.11/lib/cri/command.rb:362:in `run_this'
  32. /home/nawwabz/.rvm/gems/ruby-3.0.0@my_blog/gems/cri-2.15.11/lib/cri/command.rb:298:in `run'
  33. /home/nawwabz/.rvm/gems/ruby-3.0.0@my_blog/gems/cri-2.15.11/lib/cri/command.rb:316:in `run'
  34. /home/nawwabz/.rvm/gems/ruby-3.0.0@my_blog/gems/nanoc-cli-4.12.5/lib/nanoc/cli.rb:88:in `block in run'
  35. /home/nawwabz/.rvm/gems/ruby-3.0.0@my_blog/gems/nanoc-cli-4.12.5/lib/nanoc/cli/error_handler.rb:15:in `block in handle_while'
  36. /home/nawwabz/.rvm/gems/ruby-3.0.0@my_blog/gems/nanoc-cli-4.12.5/lib/nanoc/cli/error_handler.rb:57:in `handle_while'
  37. /home/nawwabz/.rvm/gems/ruby-3.0.0@my_blog/gems/nanoc-cli-4.12.5/lib/nanoc/cli/error_handler.rb:15:in `handle_while'
  38. /home/nawwabz/.rvm/gems/ruby-3.0.0@my_blog/gems/nanoc-cli-4.12.5/lib/nanoc/cli.rb:86:in `run'
  39. /home/nawwabz/.rvm/gems/ruby-3.0.0@my_blog/gems/nanoc-4.12.5/bin/nanoc:18:in `<top (required)>'
  40. /home/nawwabz/.rvm/gems/ruby-3.0.0@my_blog/bin/nanoc:23:in `load'

===== VERSION INFORMATION:

Nanoc 4.12.5 © 2007–2022 Denis Defreyne.
Running ruby 3.0.0 (2020-12-25) on x86_64-linux with RubyGems 3.2.3.

===== SYSTEM INFORMATION:

Linux carren 5.4.181-2-MANJARO #1 SMP PREEMPT Mon Feb 28 01:15:30 UTC 2022 x86_64 GNU/Linux

===== INSTALLED GEMS:

  abbrev 0.1.0
  addressable 2.8.0
  adsf 1.4.6
  base64 0.1.0
  benchmark 0.1.1
  bigdecimal 3.0.0
  bundler 2.2.3
  bundler-unload 1.0.2
  cgi 0.2.0
  coderay 1.1.3
  colored 1.2
  concurrent-ruby 1.1.10
  cri 2.15.11
  csv 3.1.9
  date 3.1.0
  dbm 1.1.0
  ddmetrics 1.0.1
  ddplugin 1.0.3
  debug 0.1.0
  delegate 0.2.0
  did_you_mean 1.5.0
  diff-lcs 1.5.0
  digest 3.0.0
  drb 2.0.4
  english 0.7.1
  erb 2.2.0
  etc 1.2.0
  executable-hooks 1.6.1
  fcntl 1.0.0
  fiddle 1.0.6
  fileutils 1.5.0
  find 0.1.0
  forwardable 1.3.2
  gdbm 2.1.0
  gem-wrappers 1.4.0
  getoptlong 0.1.1
  hamster 3.0.0
  io-console 0.5.6
  io-nonblock 0.1.0
  io-wait 0.1.0
  ipaddr 1.2.2
  irb 1.3.0
  json 2.5.1
  json_schema 0.21.0
  kramdown 2.3.2
  kramdown-parser-gfm 1.1.0
  logger 1.4.3
  matrix 0.3.1
  memo_wise 1.7.0
  method_source 1.0.0
  minitest 5.14.2
  mutex_m 0.1.1
  nanoc 4.12.5
  nanoc-checking 1.0.2
  nanoc-cli 4.12.5
  nanoc-core 4.12.5
  nanoc-deploying 1.0.1
  net-ftp 0.1.1
  net-http 0.1.1
  net-imap 0.1.1
  net-pop 0.1.1
  net-protocol 0.1.0
  net-smtp 0.2.1
  nkf 0.1.0
  nokogiri 1.13.4
  observer 0.1.1
  open-uri 0.1.0
  open3 0.1.1
  openssl 2.2.0
  optparse 0.1.0
  ostruct 0.3.1
  parallel 1.22.1
  pastel 0.8.0
  pathname 0.1.0
  power_assert 1.2.0
  pp 0.1.0
  prettyprint 0.1.0
  prime 0.1.2
  pry 0.14.1
  pstore 0.1.1
  psych 3.3.0
  public_suffix 4.0.7
  racc 1.5.1
  rack 2.2.3
  rake 13.0.3
  rbs 1.0.0
  rdoc 6.3.0
  readline 0.0.2
  readline-ext 0.1.1
  reline 0.2.0
  resolv 0.2.0
  resolv-replace 0.1.0
  rexml 3.2.4
  rinda 0.1.0
  rss 0.2.9
  rubygems-bundler 1.4.5
  rvm 1.11.3.9
  securerandom 0.1.0
  set 1.0.1
  shellwords 0.1.0
  singleton 0.1.1
  slow_enumerator_tools 1.1.0
  stringio 3.0.0
  strscan 3.0.0
  syslog 0.1.0
  tempfile 0.1.1
  test-unit 3.3.7
  time 0.1.0
  timeout 0.1.1
  tmpdir 0.1.1
  tracer 0.1.1
  tsort 0.1.0
  tty-color 0.6.0
  tty-command 0.10.1
  tty-platform 0.3.0
  tty-which 0.5.0
  typeprof 0.11.0
  un 0.1.0
  uri 0.10.1
  weakref 0.1.1
  webrick 1.7.0
  yaml 0.1.1
  zeitwerk 2.5.4
  zlib 1.1.0

===== LOAD PATHS:

  0. /home/nawwabz/.rvm/gems/ruby-3.0.0@my_blog/gems/public_suffix-4.0.7/lib
  1. /home/nawwabz/.rvm/gems/ruby-3.0.0@my_blog/gems/addressable-2.8.0/lib
  2. /home/nawwabz/.rvm/gems/ruby-3.0.0@my_blog/gems/colored-1.2/lib
  3. /home/nawwabz/.rvm/gems/ruby-3.0.0@my_blog/gems/cri-2.15.11/lib
  4. /home/nawwabz/.rvm/gems/ruby-3.0.0@my_blog/gems/diff-lcs-1.5.0/lib
  5. /home/nawwabz/.rvm/gems/ruby-3.0.0@my_blog/gems/concurrent-ruby-1.1.10/lib/concurrent-ruby
  6. /home/nawwabz/.rvm/gems/ruby-3.0.0@my_blog/gems/ddmetrics-1.0.1/lib
  7. /home/nawwabz/.rvm/gems/ruby-3.0.0@my_blog/gems/ddplugin-1.0.3/lib
  8. /home/nawwabz/.rvm/gems/ruby-3.0.0@my_blog/gems/hamster-3.0.0/lib
  9. /home/nawwabz/.rvm/gems/ruby-3.0.0@my_blog/gems/json_schema-0.21.0/lib
  10. /home/nawwabz/.rvm/gems/ruby-3.0.0@my_blog/gems/memo_wise-1.7.0/lib
  11. /home/nawwabz/.rvm/gems/ruby-3.0.0@my_blog/gems/slow_enumerator_tools-1.1.0/lib
  12. /home/nawwabz/.rvm/gems/ruby-3.0.0@my_blog/gems/tty-platform-0.3.0/lib
  13. /home/nawwabz/.rvm/gems/ruby-3.0.0@my_blog/gems/zeitwerk-2.5.4/lib
  14. /home/nawwabz/.rvm/gems/ruby-3.0.0@my_blog/gems/nanoc-core-4.12.5/lib
  15. /home/nawwabz/.rvm/gems/ruby-3.0.0@my_blog/gems/nanoc-cli-4.12.5/lib
  16. /home/nawwabz/.rvm/gems/ruby-3.0.0@my_blog/gems/nanoc-checking-1.0.2/lib
  17. /home/nawwabz/.rvm/gems/ruby-3.0.0@my_blog/gems/nanoc-deploying-1.0.1/lib
  18. /home/nawwabz/.rvm/gems/ruby-3.0.0@my_blog/gems/parallel-1.22.1/lib
  19. /home/nawwabz/.rvm/gems/ruby-3.0.0@my_blog/gems/tty-color-0.6.0/lib
  20. /home/nawwabz/.rvm/gems/ruby-3.0.0@my_blog/gems/pastel-0.8.0/lib
  21. /home/nawwabz/.rvm/gems/ruby-3.0.0@my_blog/gems/tty-command-0.10.1/lib
  22. /home/nawwabz/.rvm/gems/ruby-3.0.0@my_blog/gems/tty-which-0.5.0/lib
  23. /home/nawwabz/.rvm/gems/ruby-3.0.0@my_blog/gems/nanoc-4.12.5/lib
  24. /home/nawwabz/.rvm/rubies/ruby-3.0.0/lib/ruby/site_ruby/3.0.0
  25. /home/nawwabz/.rvm/rubies/ruby-3.0.0/lib/ruby/site_ruby/3.0.0/x86_64-linux
  26. /home/nawwabz/.rvm/rubies/ruby-3.0.0/lib/ruby/site_ruby
  27. /home/nawwabz/.rvm/rubies/ruby-3.0.0/lib/ruby/vendor_ruby/3.0.0
  28. /home/nawwabz/.rvm/rubies/ruby-3.0.0/lib/ruby/vendor_ruby/3.0.0/x86_64-linux
  29. /home/nawwabz/.rvm/rubies/ruby-3.0.0/lib/ruby/vendor_ruby
  30. /home/nawwabz/.rvm/rubies/ruby-3.0.0/lib/ruby/3.0.0
  31. /home/nawwabz/.rvm/rubies/ruby-3.0.0/lib/ruby/3.0.0/x86_64-linux
